<?xml version="1.0" encoding="UTF-8"?>
<!-- Generated by org.testng.reporters.JUnitReportReporter -->
<testsuite hostname="AVERIL" failures="0" tests="1" name="testpackage.LoginTest" time="1.771" errors="0" timestamp="2024-12-01T23:10:04 IST" skipped="0">
  <testcase classname="testpackage.LoginTest" name="loginTest" time="1.771"/>
</testsuite> <!-- testpackage.LoginTest -->
