<?xml version="1.0" encoding="UTF-8"?>
<!-- Generated by org.testng.reporters.JUnitReportReporter -->
<testsuite hostname="AVERIL" failures="0" tests="1" name="testpackage.RegisterTest" time="1.650" errors="0" timestamp="2024-12-01T23:10:04 IST" skipped="0">
  <testcase classname="testpackage.RegisterTest" name="registerBlazedDemo" time="1.650"/>
</testsuite> <!-- testpackage.RegisterTest -->
